Arguments: 
  C:\Program Files\nodejs\node.exe C:\Users\Chicken Wang\AppData\Roaming\npm\node_modules\yarn\bin\yarn.js start

PATH: 
  C:\Users\Chicken Wang\bin;C:\Program Files\Git\mingw64\bin;C:\Program Files\Git\usr\local\bin;C:\Program Files\Git\usr\bin;C:\Program Files\Git\usr\bin;C:\Program Files\Git\mingw64\bin;C:\Program Files\Git\usr\bin;C:\Users\Chicken Wang\bin;C:\ProgramData\Oracle\Java\javapath;C:\Program Files (x86)\Intel\iCLS Client;C:\Program Files\Intel\iCLS Client;C:\WINDOWS\system32;C:\WINDOWS;C:\WINDOWS\System32\Wbem;C:\WINDOWS\System32\WindowsPowerShell\v1.0;C:\Program Files (x86)\Intel\Intel(R) Management Engine Components\DAL;C:\Program Files\Intel\Intel(R) Management Engine Components\DAL;C:\Program Files (x86)\Intel\Intel(R) Management Engine Components\IPT;C:\Program Files\Intel\Intel(R) Management Engine Components\IPT;C:\Program Files\Intel\WiFi\bin;C:\Program Files\Common Files\Intel\WirelessCommon;C:\Program Files\Git\cmd;C:\Program Files\nodejs;C:\Program Files\MySQL\MySQL Utilities 1.6;C:\Program Files\MongoDB\Server\3.6\bin;C:\Users\Chicken Wang\AppData\Local\Microsoft\WindowsApps;C:\Program Files\Heroku\bin;C:\Users\Chicken Wang\AppData\Roaming\npm;C:\Program Files\MySQL\MySQL Server 5.7\bin;C:\Program Files\Git\usr\bin\vendor_perl;C:\Program Files\Git\usr\bin\core_perl

Yarn version: 
  1.5.1

Node version: 
  8.9.3

Platform: 
  win32 x64

npm manifest: 
  No manifest

yarn manifest: 
  No manifest

Lockfile: 
  No lockfile

Trace: 
  Error: Couldn't find a package.json file in "C:\\Users\\Chicken Wang\\Desktop\\UCB\\UCBBER201801FSF2-FT-Class-Repository-FT\\10-week\\activities\\day-5\\09-Ins_IntroReactRouter\\src"
      at new MessageError (C:\Users\Chicken Wang\AppData\Roaming\npm\node_modules\yarn\lib\cli.js:186:110)
      at C:\Users\Chicken Wang\AppData\Roaming\npm\node_modules\yarn\lib\cli.js:40048:15
      at Generator.next (<anonymous>)
      at step (C:\Users\Chicken Wang\AppData\Roaming\npm\node_modules\yarn\lib\cli.js:98:30)
      at C:\Users\Chicken Wang\AppData\Roaming\npm\node_modules\yarn\lib\cli.js:109:13
      at <anonymous>
